<?xml version="1.0" encoding="UTF-8"?>
<!-- Generated by org.testng.reporters.JUnitReportReporter -->
<testsuite hostname="DESKTOP-B0OQN32" failures="0" tests="3" name="Test.SampleTest" time="7.453" errors="0" timestamp="2024-03-16T16:28:03 EDT" skipped="0">
  <testcase classname="Test.SampleTest" name="testcase2" time="2.282"/>
  <testcase classname="Test.SampleTest" name="testcase3" time="3.083"/>
  <testcase classname="Test.SampleTest" name="testcase1" time="2.088"/>
</testsuite> <!-- Test.SampleTest -->
